0 info it worked if it ends with ok
1 verbose cli [ '/usr/bin/nodejs', '/usr/bin/npm', 'install', 'sha1' ]
2 info using npm@3.5.2
3 info using node@v4.2.6
4 silly loadCurrentTree Starting
5 silly install loadCurrentTree
6 silly install readLocalPackageData
7 silly fetchPackageMetaData sha1
8 silly fetchNamedPackageData sha1
9 silly mapToRegistry name sha1
10 silly mapToRegistry using default registry
11 silly mapToRegistry registry https://registry.npmjs.org/
12 silly mapToRegistry uri https://registry.npmjs.org/sha1
13 verbose request uri https://registry.npmjs.org/sha1
14 verbose request no auth needed
15 info attempt registry request try #1 at 3:26:55 PM
16 verbose request id cb5e68931f6af907
17 http request GET https://registry.npmjs.org/sha1
18 http 200 https://registry.npmjs.org/sha1
19 verbose headers { date: 'Wed, 20 Mar 2019 09:56:56 GMT',
19 verbose headers   'content-type': 'application/json; charset=UTF-8',
19 verbose headers   'transfer-encoding': 'chunked',
19 verbose headers   connection: 'keep-alive',
19 verbose headers   'set-cookie': [ '__cfduid=df47c5c5d3f184745ad15390f3e2c90801553075816; expires=Thu, 19-Mar-20 09:56:56 GMT; path=/; domain=.registry.npmjs.org; HttpOnly' ],
19 verbose headers   'cf-cache-status': 'HIT',
19 verbose headers   'cache-control': 'max-age=300',
19 verbose headers   'cf-ray': '4ba6d1aa6fbf7032-SIN',
19 verbose headers   etag: 'W/"90822d129f5844a5c9fc36cdc7213d54"',
19 verbose headers   'expect-ct': 'max-age=604800, report-uri="https://report-uri.cloudflare.com/cdn-cgi/beacon/expect-ct"',
19 verbose headers   'last-modified': 'Sun, 27 May 2018 17:07:18 GMT',
19 verbose headers   vary: 'accept-encoding, accept',
19 verbose headers   server: 'cloudflare',
19 verbose headers   'content-encoding': 'gzip' }
20 silly get cb [ 200,
20 silly get   { date: 'Wed, 20 Mar 2019 09:56:56 GMT',
20 silly get     'content-type': 'application/json; charset=UTF-8',
20 silly get     'transfer-encoding': 'chunked',
20 silly get     connection: 'keep-alive',
20 silly get     'set-cookie': [ '__cfduid=df47c5c5d3f184745ad15390f3e2c90801553075816; expires=Thu, 19-Mar-20 09:56:56 GMT; path=/; domain=.registry.npmjs.org; HttpOnly' ],
20 silly get     'cf-cache-status': 'HIT',
20 silly get     'cache-control': 'max-age=300',
20 silly get     'cf-ray': '4ba6d1aa6fbf7032-SIN',
20 silly get     etag: 'W/"90822d129f5844a5c9fc36cdc7213d54"',
20 silly get     'expect-ct': 'max-age=604800, report-uri="https://report-uri.cloudflare.com/cdn-cgi/beacon/expect-ct"',
20 silly get     'last-modified': 'Sun, 27 May 2018 17:07:18 GMT',
20 silly get     vary: 'accept-encoding, accept',
20 silly get     server: 'cloudflare',
20 silly get     'content-encoding': 'gzip' } ]
21 verbose get saving sha1 to /home/tss10/.npm/registry.npmjs.org/sha1/.cache.json
22 silly install normalizeTree
23 silly loadCurrentTree Finishing
24 silly loadIdealTree Starting
25 silly install loadIdealTree
26 silly cloneCurrentTree Starting
27 silly install cloneCurrentTreeToIdealTree
28 silly cloneCurrentTree Finishing
29 silly loadShrinkwrap Starting
30 silly install loadShrinkwrap
31 silly loadShrinkwrap Finishing
32 silly loadAllDepsIntoIdealTree Starting
33 silly install loadAllDepsIntoIdealTree
34 silly resolveWithNewModule sha1@1.1.1 checking installable status
35 silly cache add args [ 'sha1', null ]
36 verbose cache add spec sha1
37 silly cache add parsed spec Result {
37 silly cache add   raw: 'sha1',
37 silly cache add   scope: null,
37 silly cache add   name: 'sha1',
37 silly cache add   rawSpec: '',
37 silly cache add   spec: 'latest',
37 silly cache add   type: 'tag' }
38 silly addNamed sha1@latest
39 verbose addNamed "latest" is being treated as a dist-tag for sha1
40 info addNameTag [ 'sha1', 'latest' ]
41 silly mapToRegistry name sha1
42 silly mapToRegistry using default registry
43 silly mapToRegistry registry https://registry.npmjs.org/
44 silly mapToRegistry uri https://registry.npmjs.org/sha1
45 verbose addNameTag registry:https://registry.npmjs.org/sha1 not in flight; fetching
46 verbose get https://registry.npmjs.org/sha1 not expired, no request
47 silly addNameTag next cb for sha1 with tag latest
48 silly addNamed sha1@1.1.1
49 verbose addNamed "1.1.1" is a plain semver version for sha1
50 silly mapToRegistry name sha1
51 silly mapToRegistry using default registry
52 silly mapToRegistry registry https://registry.npmjs.org/
53 silly mapToRegistry uri https://registry.npmjs.org/sha1
54 verbose addRemoteTarball https://registry.npmjs.org/sha1/-/sha1-1.1.1.tgz not in flight; adding
55 verbose addRemoteTarball [ 'https://registry.npmjs.org/sha1/-/sha1-1.1.1.tgz',
55 verbose addRemoteTarball   'addaa7a93168f393f19eb2b15091618e2700f848' ]
56 info retry fetch attempt 1 at 3:26:56 PM
57 info attempt registry request try #1 at 3:26:56 PM
58 http fetch GET https://registry.npmjs.org/sha1/-/sha1-1.1.1.tgz
59 http fetch 200 https://registry.npmjs.org/sha1/-/sha1-1.1.1.tgz
60 silly fetchAndShaCheck shasum addaa7a93168f393f19eb2b15091618e2700f848
61 verbose addTmpTarball /tmp/npm-3448-688e5356/registry.npmjs.org/sha1/-/sha1-1.1.1.tgz not in flight; adding
62 verbose addTmpTarball already have metadata; skipping unpack for sha1@1.1.1
63 silly cache afterAdd sha1@1.1.1
64 verbose afterAdd /home/tss10/.npm/sha1/1.1.1/package/package.json not in flight; writing
65 verbose afterAdd /home/tss10/.npm/sha1/1.1.1/package/package.json written
66 silly fetchNamedPackageData charenc
67 silly mapToRegistry name charenc
68 silly mapToRegistry using default registry
69 silly mapToRegistry registry https://registry.npmjs.org/
70 silly mapToRegistry uri https://registry.npmjs.org/charenc
71 silly fetchNamedPackageData crypt
72 silly mapToRegistry name crypt
73 silly mapToRegistry using default registry
74 silly mapToRegistry registry https://registry.npmjs.org/
75 silly mapToRegistry uri https://registry.npmjs.org/crypt
76 verbose request uri https://registry.npmjs.org/charenc
77 verbose request no auth needed
78 info attempt registry request try #1 at 3:26:57 PM
79 http request GET https://registry.npmjs.org/charenc
80 verbose request uri https://registry.npmjs.org/crypt
81 verbose request no auth needed
82 info attempt registry request try #1 at 3:26:57 PM
83 http request GET https://registry.npmjs.org/crypt
84 http 200 https://registry.npmjs.org/charenc
85 verbose headers { date: 'Wed, 20 Mar 2019 09:56:57 GMT',
85 verbose headers   'content-type': 'application/json; charset=UTF-8',
85 verbose headers   'transfer-encoding': 'chunked',
85 verbose headers   connection: 'keep-alive',
85 verbose headers   'set-cookie': [ '__cfduid=d93801dc2f34fdd0a607d9f3b9061c5ed1553075817; expires=Thu, 19-Mar-20 09:56:57 GMT; path=/; domain=.registry.npmjs.org; HttpOnly' ],
85 verbose headers   'cf-cache-status': 'HIT',
85 verbose headers   'cache-control': 'max-age=300',
85 verbose headers   'cf-ray': '4ba6d1b3aab07032-SIN',
85 verbose headers   etag: 'W/"fe3e302bba31501709181acb3702a685"',
85 verbose headers   'expect-ct': 'max-age=604800, report-uri="https://report-uri.cloudflare.com/cdn-cgi/beacon/expect-ct"',
85 verbose headers   'last-modified': 'Sat, 26 May 2018 19:42:06 GMT',
85 verbose headers   vary: 'accept-encoding, accept',
85 verbose headers   server: 'cloudflare',
85 verbose headers   'content-encoding': 'gzip' }
86 silly get cb [ 200,
86 silly get   { date: 'Wed, 20 Mar 2019 09:56:57 GMT',
86 silly get     'content-type': 'application/json; charset=UTF-8',
86 silly get     'transfer-encoding': 'chunked',
86 silly get     connection: 'keep-alive',
86 silly get     'set-cookie': [ '__cfduid=d93801dc2f34fdd0a607d9f3b9061c5ed1553075817; expires=Thu, 19-Mar-20 09:56:57 GMT; path=/; domain=.registry.npmjs.org; HttpOnly' ],
86 silly get     'cf-cache-status': 'HIT',
86 silly get     'cache-control': 'max-age=300',
86 silly get     'cf-ray': '4ba6d1b3aab07032-SIN',
86 silly get     etag: 'W/"fe3e302bba31501709181acb3702a685"',
86 silly get     'expect-ct': 'max-age=604800, report-uri="https://report-uri.cloudflare.com/cdn-cgi/beacon/expect-ct"',
86 silly get     'last-modified': 'Sat, 26 May 2018 19:42:06 GMT',
86 silly get     vary: 'accept-encoding, accept',
86 silly get     server: 'cloudflare',
86 silly get     'content-encoding': 'gzip' } ]
87 verbose get saving charenc to /home/tss10/.npm/registry.npmjs.org/charenc/.cache.json
88 silly resolveWithNewModule charenc@0.0.2 checking installable status
89 silly cache add args [ 'charenc@>= 0.0.1', null ]
90 verbose cache add spec charenc@>= 0.0.1
91 silly cache add parsed spec Result {
91 silly cache add   raw: 'charenc@>= 0.0.1',
91 silly cache add   scope: null,
91 silly cache add   name: 'charenc',
91 silly cache add   rawSpec: '>= 0.0.1',
91 silly cache add   spec: '>=0.0.1',
91 silly cache add   type: 'range' }
92 silly addNamed charenc@>=0.0.1
93 verbose addNamed ">=0.0.1" is a valid semver range for charenc
94 silly addNameRange { name: 'charenc', range: '>=0.0.1', hasData: false }
95 silly mapToRegistry name charenc
96 silly mapToRegistry using default registry
97 silly mapToRegistry registry https://registry.npmjs.org/
98 silly mapToRegistry uri https://registry.npmjs.org/charenc
99 verbose addNameRange registry:https://registry.npmjs.org/charenc not in flight; fetching
100 verbose get https://registry.npmjs.org/charenc not expired, no request
101 silly addNameRange number 2 { name: 'charenc', range: '>=0.0.1', hasData: true }
102 silly addNameRange versions [ 'charenc', [ '0.0.0', '0.0.1', '0.0.2' ] ]
103 silly addNamed charenc@0.0.2
104 verbose addNamed "0.0.2" is a plain semver version for charenc
105 silly mapToRegistry name charenc
106 silly mapToRegistry using default registry
107 silly mapToRegistry registry https://registry.npmjs.org/
108 silly mapToRegistry uri https://registry.npmjs.org/charenc
109 verbose addRemoteTarball https://registry.npmjs.org/charenc/-/charenc-0.0.2.tgz not in flight; adding
110 verbose addRemoteTarball [ 'https://registry.npmjs.org/charenc/-/charenc-0.0.2.tgz',
110 verbose addRemoteTarball   'c0a1d2f3a7092e03774bfa83f14c0fc5790a8667' ]
111 info retry fetch attempt 1 at 3:26:57 PM
112 info attempt registry request try #1 at 3:26:57 PM
113 http fetch GET https://registry.npmjs.org/charenc/-/charenc-0.0.2.tgz
114 http 200 https://registry.npmjs.org/crypt
115 verbose headers { date: 'Wed, 20 Mar 2019 09:56:57 GMT',
115 verbose headers   'content-type': 'application/json; charset=UTF-8',
115 verbose headers   'transfer-encoding': 'chunked',
115 verbose headers   connection: 'keep-alive',
115 verbose headers   'set-cookie': [ '__cfduid=d25529e10ffa2da0965aa49188c75af081553075817; expires=Thu, 19-Mar-20 09:56:57 GMT; path=/; domain=.registry.npmjs.org; HttpOnly' ],
115 verbose headers   'cf-cache-status': 'HIT',
115 verbose headers   'cache-control': 'max-age=300',
115 verbose headers   'cf-ray': '4ba6d1b3bb46c374-SIN',
115 verbose headers   etag: 'W/"1da07ef32eac0a90a8e020020e552721"',
115 verbose headers   'expect-ct': 'max-age=604800, report-uri="https://report-uri.cloudflare.com/cdn-cgi/beacon/expect-ct"',
115 verbose headers   'last-modified': 'Sat, 26 May 2018 21:24:12 GMT',
115 verbose headers   vary: 'accept-encoding, accept',
115 verbose headers   server: 'cloudflare',
115 verbose headers   'content-encoding': 'gzip' }
116 silly get cb [ 200,
116 silly get   { date: 'Wed, 20 Mar 2019 09:56:57 GMT',
116 silly get     'content-type': 'application/json; charset=UTF-8',
116 silly get     'transfer-encoding': 'chunked',
116 silly get     connection: 'keep-alive',
116 silly get     'set-cookie': [ '__cfduid=d25529e10ffa2da0965aa49188c75af081553075817; expires=Thu, 19-Mar-20 09:56:57 GMT; path=/; domain=.registry.npmjs.org; HttpOnly' ],
116 silly get     'cf-cache-status': 'HIT',
116 silly get     'cache-control': 'max-age=300',
116 silly get     'cf-ray': '4ba6d1b3bb46c374-SIN',
116 silly get     etag: 'W/"1da07ef32eac0a90a8e020020e552721"',
116 silly get     'expect-ct': 'max-age=604800, report-uri="https://report-uri.cloudflare.com/cdn-cgi/beacon/expect-ct"',
116 silly get     'last-modified': 'Sat, 26 May 2018 21:24:12 GMT',
116 silly get     vary: 'accept-encoding, accept',
116 silly get     server: 'cloudflare',
116 silly get     'content-encoding': 'gzip' } ]
117 verbose get saving crypt to /home/tss10/.npm/registry.npmjs.org/crypt/.cache.json
118 silly resolveWithNewModule crypt@0.0.2 checking installable status
119 silly cache add args [ 'crypt@>= 0.0.1', null ]
120 verbose cache add spec crypt@>= 0.0.1
121 silly cache add parsed spec Result {
121 silly cache add   raw: 'crypt@>= 0.0.1',
121 silly cache add   scope: null,
121 silly cache add   name: 'crypt',
121 silly cache add   rawSpec: '>= 0.0.1',
121 silly cache add   spec: '>=0.0.1',
121 silly cache add   type: 'range' }
122 silly addNamed crypt@>=0.0.1
123 verbose addNamed ">=0.0.1" is a valid semver range for crypt
124 silly addNameRange { name: 'crypt', range: '>=0.0.1', hasData: false }
125 silly mapToRegistry name crypt
126 silly mapToRegistry using default registry
127 silly mapToRegistry registry https://registry.npmjs.org/
128 silly mapToRegistry uri https://registry.npmjs.org/crypt
129 verbose addNameRange registry:https://registry.npmjs.org/crypt not in flight; fetching
130 verbose get https://registry.npmjs.org/crypt not expired, no request
131 silly addNameRange number 2 { name: 'crypt', range: '>=0.0.1', hasData: true }
132 silly addNameRange versions [ 'crypt', [ '0.0.0', '0.0.1', '0.0.2' ] ]
133 silly addNamed crypt@0.0.2
134 verbose addNamed "0.0.2" is a plain semver version for crypt
135 silly mapToRegistry name crypt
136 silly mapToRegistry using default registry
137 silly mapToRegistry registry https://registry.npmjs.org/
138 silly mapToRegistry uri https://registry.npmjs.org/crypt
139 verbose addRemoteTarball https://registry.npmjs.org/crypt/-/crypt-0.0.2.tgz not in flight; adding
140 verbose addRemoteTarball [ 'https://registry.npmjs.org/crypt/-/crypt-0.0.2.tgz',
140 verbose addRemoteTarball   '88d7ff7ec0dfb86f713dc87bbb42d044d3e6c41b' ]
141 info retry fetch attempt 1 at 3:26:57 PM
142 info attempt registry request try #1 at 3:26:57 PM
143 http fetch GET https://registry.npmjs.org/crypt/-/crypt-0.0.2.tgz
144 http fetch 200 https://registry.npmjs.org/charenc/-/charenc-0.0.2.tgz
145 silly fetchAndShaCheck shasum c0a1d2f3a7092e03774bfa83f14c0fc5790a8667
146 verbose addTmpTarball /tmp/npm-3448-688e5356/registry.npmjs.org/charenc/-/charenc-0.0.2.tgz not in flight; adding
147 verbose addTmpTarball already have metadata; skipping unpack for charenc@0.0.2
148 silly cache afterAdd charenc@0.0.2
149 verbose afterAdd /home/tss10/.npm/charenc/0.0.2/package/package.json not in flight; writing
150 verbose afterAdd /home/tss10/.npm/charenc/0.0.2/package/package.json written
151 http fetch 200 https://registry.npmjs.org/crypt/-/crypt-0.0.2.tgz
152 silly fetchAndShaCheck shasum 88d7ff7ec0dfb86f713dc87bbb42d044d3e6c41b
153 verbose addTmpTarball /tmp/npm-3448-688e5356/registry.npmjs.org/crypt/-/crypt-0.0.2.tgz not in flight; adding
154 verbose addTmpTarball already have metadata; skipping unpack for crypt@0.0.2
155 silly cache afterAdd crypt@0.0.2
156 verbose afterAdd /home/tss10/.npm/crypt/0.0.2/package/package.json not in flight; writing
157 verbose afterAdd /home/tss10/.npm/crypt/0.0.2/package/package.json written
158 silly fetchNamedPackageData fsevents
159 silly mapToRegistry name fsevents
160 silly mapToRegistry using default registry
161 silly mapToRegistry registry https://registry.npmjs.org/
162 silly mapToRegistry uri https://registry.npmjs.org/fsevents
163 verbose request uri https://registry.npmjs.org/fsevents
164 verbose request no auth needed
165 info attempt registry request try #1 at 3:26:58 PM
166 verbose etag W/"bcffea2f69aac7abfa570bf3b20de6a0"
167 verbose lastModified Fri, 18 Jan 2019 15:54:31 GMT
168 http request GET https://registry.npmjs.org/fsevents
169 http 304 https://registry.npmjs.org/fsevents
170 verbose headers { date: 'Wed, 20 Mar 2019 09:56:58 GMT',
170 verbose headers   connection: 'keep-alive',
170 verbose headers   'set-cookie': [ '__cfduid=df53be7fdd872c18cf1f051ec4a6e1d341553075818; expires=Thu, 19-Mar-20 09:56:58 GMT; path=/; domain=.registry.npmjs.org; HttpOnly' ],
170 verbose headers   'cf-cache-status': 'HIT',
170 verbose headers   'cache-control': 'max-age=300',
170 verbose headers   'cf-ray': '4ba6d1bc7e81c33d-SIN',
170 verbose headers   etag: '"bcffea2f69aac7abfa570bf3b20de6a0"',
170 verbose headers   'expect-ct': 'max-age=604800, report-uri="https://report-uri.cloudflare.com/cdn-cgi/beacon/expect-ct"',
170 verbose headers   'last-modified': 'Fri, 18 Jan 2019 15:54:31 GMT',
170 verbose headers   vary: 'accept-encoding, accept',
170 verbose headers   'x-amz-meta-rev': '98-f5c810ab87c5a9d4100da1fba1ab6a54',
170 verbose headers   server: 'cloudflare' }
171 silly get cb [ 304,
171 silly get   { date: 'Wed, 20 Mar 2019 09:56:58 GMT',
171 silly get     connection: 'keep-alive',
171 silly get     'set-cookie': [ '__cfduid=df53be7fdd872c18cf1f051ec4a6e1d341553075818; expires=Thu, 19-Mar-20 09:56:58 GMT; path=/; domain=.registry.npmjs.org; HttpOnly' ],
171 silly get     'cf-cache-status': 'HIT',
171 silly get     'cache-control': 'max-age=300',
171 silly get     'cf-ray': '4ba6d1bc7e81c33d-SIN',
171 silly get     etag: '"bcffea2f69aac7abfa570bf3b20de6a0"',
171 silly get     'expect-ct': 'max-age=604800, report-uri="https://report-uri.cloudflare.com/cdn-cgi/beacon/expect-ct"',
171 silly get     'last-modified': 'Fri, 18 Jan 2019 15:54:31 GMT',
171 silly get     vary: 'accept-encoding, accept',
171 silly get     'x-amz-meta-rev': '98-f5c810ab87c5a9d4100da1fba1ab6a54',
171 silly get     server: 'cloudflare' } ]
172 verbose etag https://registry.npmjs.org/fsevents from cache
173 verbose get saving fsevents to /home/tss10/.npm/registry.npmjs.org/fsevents/.cache.json
174 silly resolveWithNewModule fsevents@1.2.7 checking installable status
175 silly loadAllDepsIntoIdealTree Finishing
176 silly idealTree:prePrune game@1.0.0
176 silly idealTree:prePrune +-- abbrev@1.1.1
176 silly idealTree:prePrune +-- accepts@1.3.5
176 silly idealTree:prePrune +-- ansi-align@2.0.0
176 silly idealTree:prePrune +-- ansi-regex@3.0.0
176 silly idealTree:prePrune +-- ansi-styles@3.2.1
176 silly idealTree:prePrune +-- anymatch@2.0.0
176 silly idealTree:prePrune | `-- normalize-path@2.1.1
176 silly idealTree:prePrune +-- arr-diff@4.0.0
176 silly idealTree:prePrune +-- arr-flatten@1.1.0
176 silly idealTree:prePrune +-- arr-union@3.1.0
176 silly idealTree:prePrune +-- array-flatten@1.1.1
176 silly idealTree:prePrune +-- array-unique@0.3.2
176 silly idealTree:prePrune +-- assign-symbols@1.0.0
176 silly idealTree:prePrune +-- async-each@1.0.2
176 silly idealTree:prePrune +-- atob@2.1.2
176 silly idealTree:prePrune +-- balanced-match@1.0.0
176 silly idealTree:prePrune +-- base@0.11.2
176 silly idealTree:prePrune | +-- define-property@1.0.0
176 silly idealTree:prePrune | +-- is-accessor-descriptor@1.0.0
176 silly idealTree:prePrune | +-- is-data-descriptor@1.0.0
176 silly idealTree:prePrune | `-- is-descriptor@1.0.2
176 silly idealTree:prePrune +-- binary-extensions@1.13.0
176 silly idealTree:prePrune +-- body-parser@1.18.3
176 silly idealTree:prePrune +-- boxen@1.3.0
176 silly idealTree:prePrune +-- brace-expansion@1.1.11
176 silly idealTree:prePrune +-- braces@2.3.2
176 silly idealTree:prePrune | `-- extend-shallow@2.0.1
176 silly idealTree:prePrune +-- bytes@3.0.0
176 silly idealTree:prePrune +-- cache-base@1.0.1
176 silly idealTree:prePrune +-- camelcase@4.1.0
176 silly idealTree:prePrune +-- capture-stack-trace@1.0.1
176 silly idealTree:prePrune +-- chalk@2.4.2
176 silly idealTree:prePrune +-- charenc@0.0.2
176 silly idealTree:prePrune +-- chokidar@2.1.2
176 silly idealTree:prePrune +-- ci-info@1.6.0
176 silly idealTree:prePrune +-- class-utils@0.3.6
176 silly idealTree:prePrune | `-- define-property@0.2.5
176 silly idealTree:prePrune +-- cli-boxes@1.0.0
176 silly idealTree:prePrune +-- collection-visit@1.0.0
176 silly idealTree:prePrune +-- color-convert@1.9.3
176 silly idealTree:prePrune +-- color-name@1.1.3
176 silly idealTree:prePrune +-- component-emitter@1.2.1
176 silly idealTree:prePrune +-- concat-map@0.0.1
176 silly idealTree:prePrune +-- configstore@3.1.2
176 silly idealTree:prePrune +-- content-disposition@0.5.2
176 silly idealTree:prePrune +-- content-type@1.0.4
176 silly idealTree:prePrune +-- cookie-signature@1.0.6
176 silly idealTree:prePrune +-- cookie@0.3.1
176 silly idealTree:prePrune +-- copy-descriptor@0.1.1
176 silly idealTree:prePrune +-- core-util-is@1.0.2
176 silly idealTree:prePrune +-- create-error-class@3.0.2
176 silly idealTree:prePrune +-- cross-spawn@5.1.0
176 silly idealTree:prePrune +-- crypt@0.0.2
176 silly idealTree:prePrune +-- crypto-random-string@1.0.0
176 silly idealTree:prePrune +-- debug@2.6.9
176 silly idealTree:prePrune +-- decode-uri-component@0.2.0
176 silly idealTree:prePrune +-- deep-extend@0.6.0
176 silly idealTree:prePrune +-- define-property@2.0.2
176 silly idealTree:prePrune | +-- is-accessor-descriptor@1.0.0
176 silly idealTree:prePrune | +-- is-data-descriptor@1.0.0
176 silly idealTree:prePrune | `-- is-descriptor@1.0.2
176 silly idealTree:prePrune +-- depd@1.1.2
176 silly idealTree:prePrune +-- destroy@1.0.4
176 silly idealTree:prePrune +-- dot-prop@4.2.0
176 silly idealTree:prePrune +-- duplexer3@0.1.4
176 silly idealTree:prePrune +-- ee-first@1.1.1
176 silly idealTree:prePrune +-- ejs@2.6.1
176 silly idealTree:prePrune +-- encodeurl@1.0.2
176 silly idealTree:prePrune +-- escape-html@1.0.3
176 silly idealTree:prePrune +-- escape-string-regexp@1.0.5
176 silly idealTree:prePrune +-- etag@1.8.1
176 silly idealTree:prePrune +-- execa@0.7.0
176 silly idealTree:prePrune +-- expand-brackets@2.1.4
176 silly idealTree:prePrune | +-- define-property@0.2.5
176 silly idealTree:prePrune | `-- extend-shallow@2.0.1
176 silly idealTree:prePrune +-- express@4.16.4
176 silly idealTree:prePrune +-- extend-shallow@3.0.2
176 silly idealTree:prePrune | `-- is-extendable@1.0.1
176 silly idealTree:prePrune +-- extglob@2.0.4
176 silly idealTree:prePrune | +-- define-property@1.0.0
176 silly idealTree:prePrune | +-- extend-shallow@2.0.1
176 silly idealTree:prePrune | +-- is-accessor-descriptor@1.0.0
176 silly idealTree:prePrune | +-- is-data-descriptor@1.0.0
176 silly idealTree:prePrune | `-- is-descriptor@1.0.2
176 silly idealTree:prePrune +-- fill-range@4.0.0
176 silly idealTree:prePrune | `-- extend-shallow@2.0.1
176 silly idealTree:prePrune +-- finalhandler@1.1.1
176 silly idealTree:prePrune +-- for-in@1.0.2
176 silly idealTree:prePrune +-- forwarded@0.1.2
176 silly idealTree:prePrune +-- fragment-cache@0.2.1
176 silly idealTree:prePrune +-- fresh@0.5.2
176 silly idealTree:prePrune +-- get-stream@3.0.0
176 silly idealTree:prePrune +-- get-value@2.0.6
176 silly idealTree:prePrune +-- glob-parent@3.1.0
176 silly idealTree:prePrune | `-- is-glob@3.1.0
176 silly idealTree:prePrune +-- global-dirs@0.1.1
176 silly idealTree:prePrune +-- got@6.7.1
176 silly idealTree:prePrune +-- graceful-fs@4.1.15
176 silly idealTree:prePrune +-- has-flag@3.0.0
176 silly idealTree:prePrune +-- has-value@1.0.0
176 silly idealTree:prePrune +-- has-values@1.0.0
176 silly idealTree:prePrune | `-- kind-of@4.0.0
176 silly idealTree:prePrune +-- http-errors@1.6.3
176 silly idealTree:prePrune +-- iconv-lite@0.4.23
176 silly idealTree:prePrune +-- ignore-by-default@1.0.1
176 silly idealTree:prePrune +-- import-lazy@2.1.0
176 silly idealTree:prePrune +-- imurmurhash@0.1.4
176 silly idealTree:prePrune +-- inherits@2.0.3
176 silly idealTree:prePrune +-- ini@1.3.5
176 silly idealTree:prePrune +-- ipaddr.js@1.8.0
176 silly idealTree:prePrune +-- is-accessor-descriptor@0.1.6
176 silly idealTree:prePrune | `-- kind-of@3.2.2
176 silly idealTree:prePrune +-- is-binary-path@1.0.1
176 silly idealTree:prePrune +-- is-buffer@1.1.6
176 silly idealTree:prePrune +-- is-ci@1.2.1
176 silly idealTree:prePrune +-- is-data-descriptor@0.1.4
176 silly idealTree:prePrune | `-- kind-of@3.2.2
176 silly idealTree:prePrune +-- is-descriptor@0.1.6
176 silly idealTree:prePrune | `-- kind-of@5.1.0
176 silly idealTree:prePrune +-- is-extendable@0.1.1
176 silly idealTree:prePrune +-- is-extglob@2.1.1
176 silly idealTree:prePrune +-- is-fullwidth-code-point@2.0.0
176 silly idealTree:prePrune +-- is-glob@4.0.0
176 silly idealTree:prePrune +-- is-installed-globally@0.1.0
176 silly idealTree:prePrune +-- is-npm@1.0.0
176 silly idealTree:prePrune +-- is-number@3.0.0
176 silly idealTree:prePrune | `-- kind-of@3.2.2
176 silly idealTree:prePrune +-- is-obj@1.0.1
176 silly idealTree:prePrune +-- is-path-inside@1.0.1
176 silly idealTree:prePrune +-- is-plain-object@2.0.4
176 silly idealTree:prePrune +-- is-redirect@1.0.0
176 silly idealTree:prePrune +-- is-retry-allowed@1.1.0
176 silly idealTree:prePrune +-- is-stream@1.1.0
176 silly idealTree:prePrune +-- is-windows@1.0.2
176 silly idealTree:prePrune +-- isarray@1.0.0
176 silly idealTree:prePrune +-- isexe@2.0.0
176 silly idealTree:prePrune +-- isobject@3.0.1
176 silly idealTree:prePrune +-- kind-of@6.0.2
176 silly idealTree:prePrune +-- latest-version@3.1.0
176 silly idealTree:prePrune +-- lowercase-keys@1.0.1
176 silly idealTree:prePrune +-- lru-cache@4.1.5
176 silly idealTree:prePrune +-- make-dir@1.3.0
176 silly idealTree:prePrune +-- map-cache@0.2.2
176 silly idealTree:prePrune +-- map-visit@1.0.0
176 silly idealTree:prePrune +-- media-typer@0.3.0
176 silly idealTree:prePrune +-- merge-descriptors@1.0.1
176 silly idealTree:prePrune +-- methods@1.1.2
176 silly idealTree:prePrune +-- micromatch@3.1.10
176 silly idealTree:prePrune +-- mime-db@1.38.0
176 silly idealTree:prePrune +-- mime-types@2.1.22
176 silly idealTree:prePrune +-- mime@1.4.1
176 silly idealTree:prePrune +-- minimatch@3.0.4
176 silly idealTree:prePrune +-- minimist@1.2.0
176 silly idealTree:prePrune +-- mixin-deep@1.3.1
176 silly idealTree:prePrune | `-- is-extendable@1.0.1
176 silly idealTree:prePrune +-- ms@2.0.0
176 silly idealTree:prePrune +-- nanomatch@1.2.13
176 silly idealTree:prePrune +-- negotiator@0.6.1
176 silly idealTree:prePrune +-- nodemon@1.18.10
176 silly idealTree:prePrune | +-- debug@3.2.6
176 silly idealTree:prePrune | `-- ms@2.1.1
176 silly idealTree:prePrune +-- nopt@1.0.10
176 silly idealTree:prePrune +-- normalize-path@3.0.0
176 silly idealTree:prePrune +-- npm-run-path@2.0.2
176 silly idealTree:prePrune +-- object-copy@0.1.0
176 silly idealTree:prePrune | +-- define-property@0.2.5
176 silly idealTree:prePrune | `-- kind-of@3.2.2
176 silly idealTree:prePrune +-- object-visit@1.0.1
176 silly idealTree:prePrune +-- object.pick@1.3.0
176 silly idealTree:prePrune +-- on-finished@2.3.0
176 silly idealTree:prePrune +-- p-finally@1.0.0
176 silly idealTree:prePrune +-- package-json@4.0.1
176 silly idealTree:prePrune +-- parseurl@1.3.2
176 silly idealTree:prePrune +-- pascalcase@0.1.1
176 silly idealTree:prePrune +-- path-dirname@1.0.2
176 silly idealTree:prePrune +-- path-is-absolute@1.0.1
176 silly idealTree:prePrune +-- path-is-inside@1.0.2
176 silly idealTree:prePrune +-- path-key@2.0.1
176 silly idealTree:prePrune +-- path-to-regexp@0.1.7
176 silly idealTree:prePrune +-- pify@3.0.0
176 silly idealTree:prePrune +-- posix-character-classes@0.1.1
176 silly idealTree:prePrune +-- prepend-http@1.0.4
176 silly idealTree:prePrune +-- process-nextick-args@2.0.0
176 silly idealTree:prePrune +-- proxy-addr@2.0.4
176 silly idealTree:prePrune +-- pseudomap@1.0.2
176 silly idealTree:prePrune +-- pstree.remy@1.1.6
176 silly idealTree:prePrune +-- qs@6.5.2
176 silly idealTree:prePrune +-- range-parser@1.2.0
176 silly idealTree:prePrune +-- raw-body@2.3.3
176 silly idealTree:prePrune +-- rc@1.2.8
176 silly idealTree:prePrune +-- readable-stream@2.3.6
176 silly idealTree:prePrune +-- readdirp@2.2.1
176 silly idealTree:prePrune +-- regex-not@1.0.2
176 silly idealTree:prePrune +-- registry-auth-token@3.3.2
176 silly idealTree:prePrune +-- registry-url@3.1.0
176 silly idealTree:prePrune +-- remove-trailing-separator@1.1.0
176 silly idealTree:prePrune +-- repeat-element@1.1.3
176 silly idealTree:prePrune +-- repeat-string@1.6.1
176 silly idealTree:prePrune +-- resolve-url@0.2.1
176 silly idealTree:prePrune +-- ret@0.1.15
176 silly idealTree:prePrune +-- safe-buffer@5.1.2
176 silly idealTree:prePrune +-- safe-regex@1.1.0
176 silly idealTree:prePrune +-- safer-buffer@2.1.2
176 silly idealTree:prePrune +-- semver-diff@2.1.0
176 silly idealTree:prePrune +-- semver@5.6.0
176 silly idealTree:prePrune +-- send@0.16.2
176 silly idealTree:prePrune +-- serve-static@1.13.2
176 silly idealTree:prePrune +-- set-value@2.0.0
176 silly idealTree:prePrune | `-- extend-shallow@2.0.1
176 silly idealTree:prePrune +-- setprototypeof@1.1.0
176 silly idealTree:prePrune +-- sha1@1.1.1
176 silly idealTree:prePrune +-- shebang-command@1.2.0
176 silly idealTree:prePrune +-- shebang-regex@1.0.0
176 silly idealTree:prePrune +-- signal-exit@3.0.2
176 silly idealTree:prePrune +-- snapdragon-node@2.1.1
176 silly idealTree:prePrune | +-- define-property@1.0.0
176 silly idealTree:prePrune | +-- is-accessor-descriptor@1.0.0
176 silly idealTree:prePrune | +-- is-data-descriptor@1.0.0
176 silly idealTree:prePrune | `-- is-descriptor@1.0.2
176 silly idealTree:prePrune +-- snapdragon-util@3.0.1
176 silly idealTree:prePrune | `-- kind-of@3.2.2
176 silly idealTree:prePrune +-- snapdragon@0.8.2
176 silly idealTree:prePrune | +-- define-property@0.2.5
176 silly idealTree:prePrune | `-- extend-shallow@2.0.1
176 silly idealTree:prePrune +-- source-map-resolve@0.5.2
176 silly idealTree:prePrune +-- source-map-url@0.4.0
176 silly idealTree:prePrune +-- source-map@0.5.7
176 silly idealTree:prePrune +-- split-string@3.1.0
176 silly idealTree:prePrune +-- static-extend@0.1.2
176 silly idealTree:prePrune | `-- define-property@0.2.5
176 silly idealTree:prePrune +-- statuses@1.4.0
176 silly idealTree:prePrune +-- string_decoder@1.1.1
176 silly idealTree:prePrune +-- string-width@2.1.1
176 silly idealTree:prePrune +-- strip-ansi@4.0.0
176 silly idealTree:prePrune +-- strip-eof@1.0.0
176 silly idealTree:prePrune +-- strip-json-comments@2.0.1
176 silly idealTree:prePrune +-- supports-color@5.5.0
176 silly idealTree:prePrune +-- term-size@1.2.0
176 silly idealTree:prePrune +-- timed-out@4.0.1
176 silly idealTree:prePrune +-- to-object-path@0.3.0
176 silly idealTree:prePrune | `-- kind-of@3.2.2
176 silly idealTree:prePrune +-- to-regex-range@2.1.1
176 silly idealTree:prePrune +-- to-regex@3.0.2
176 silly idealTree:prePrune +-- touch@3.1.0
176 silly idealTree:prePrune +-- type-is@1.6.16
176 silly idealTree:prePrune +-- undefsafe@2.0.2
176 silly idealTree:prePrune +-- union-value@1.0.0
176 silly idealTree:prePrune | +-- extend-shallow@2.0.1
176 silly idealTree:prePrune | `-- set-value@0.4.3
176 silly idealTree:prePrune +-- unique-string@1.0.0
176 silly idealTree:prePrune +-- unpipe@1.0.0
176 silly idealTree:prePrune +-- unset-value@1.0.0
176 silly idealTree:prePrune | +-- has-value@0.3.1
176 silly idealTree:prePrune | | `-- isobject@2.1.0
176 silly idealTree:prePrune | `-- has-values@0.1.4
176 silly idealTree:prePrune +-- unzip-response@2.0.1
176 silly idealTree:prePrune +-- upath@1.1.2
176 silly idealTree:prePrune +-- update-notifier@2.5.0
176 silly idealTree:prePrune +-- urix@0.1.0
176 silly idealTree:prePrune +-- url-parse-lax@1.0.0
176 silly idealTree:prePrune +-- use@3.1.1
176 silly idealTree:prePrune +-- util-deprecate@1.0.2
176 silly idealTree:prePrune +-- utils-merge@1.0.1
176 silly idealTree:prePrune +-- vary@1.1.2
176 silly idealTree:prePrune +-- which@1.3.1
176 silly idealTree:prePrune +-- widest-line@2.0.1
176 silly idealTree:prePrune +-- write-file-atomic@2.4.2
176 silly idealTree:prePrune +-- xdg-basedir@3.0.0
176 silly idealTree:prePrune `-- yallist@2.1.2
177 silly loadIdealTree Finishing
178 silly currentTree game@1.0.0
178 silly currentTree +-- abbrev@1.1.1
178 silly currentTree +-- accepts@1.3.5
178 silly currentTree +-- ansi-align@2.0.0
178 silly currentTree +-- ansi-regex@3.0.0
178 silly currentTree +-- ansi-styles@3.2.1
178 silly currentTree +-- anymatch@2.0.0
178 silly currentTree | `-- normalize-path@2.1.1
178 silly currentTree +-- arr-diff@4.0.0
178 silly currentTree +-- arr-flatten@1.1.0
178 silly currentTree +-- arr-union@3.1.0
178 silly currentTree +-- array-flatten@1.1.1
178 silly currentTree +-- array-unique@0.3.2
178 silly currentTree +-- assign-symbols@1.0.0
178 silly currentTree +-- async-each@1.0.2
178 silly currentTree +-- atob@2.1.2
178 silly currentTree +-- balanced-match@1.0.0
178 silly currentTree +-- base@0.11.2
178 silly currentTree | +-- define-property@1.0.0
178 silly currentTree | +-- is-accessor-descriptor@1.0.0
178 silly currentTree | +-- is-data-descriptor@1.0.0
178 silly currentTree | `-- is-descriptor@1.0.2
178 silly currentTree +-- binary-extensions@1.13.0
178 silly currentTree +-- body-parser@1.18.3
178 silly currentTree +-- boxen@1.3.0
178 silly currentTree +-- brace-expansion@1.1.11
178 silly currentTree +-- braces@2.3.2
178 silly currentTree | `-- extend-shallow@2.0.1
178 silly currentTree +-- bytes@3.0.0
178 silly currentTree +-- cache-base@1.0.1
178 silly currentTree +-- camelcase@4.1.0
178 silly currentTree +-- capture-stack-trace@1.0.1
178 silly currentTree +-- chalk@2.4.2
178 silly currentTree +-- chokidar@2.1.2
178 silly currentTree +-- ci-info@1.6.0
178 silly currentTree +-- class-utils@0.3.6
178 silly currentTree | `-- define-property@0.2.5
178 silly currentTree +-- cli-boxes@1.0.0
178 silly currentTree +-- collection-visit@1.0.0
178 silly currentTree +-- color-convert@1.9.3
178 silly currentTree +-- color-name@1.1.3
178 silly currentTree +-- component-emitter@1.2.1
178 silly currentTree +-- concat-map@0.0.1
178 silly currentTree +-- configstore@3.1.2
178 silly currentTree +-- content-disposition@0.5.2
178 silly currentTree +-- content-type@1.0.4
178 silly currentTree +-- cookie-signature@1.0.6
178 silly currentTree +-- cookie@0.3.1
178 silly currentTree +-- copy-descriptor@0.1.1
178 silly currentTree +-- core-util-is@1.0.2
178 silly currentTree +-- create-error-class@3.0.2
178 silly currentTree +-- cross-spawn@5.1.0
178 silly currentTree +-- crypto-random-string@1.0.0
178 silly currentTree +-- debug@2.6.9
178 silly currentTree +-- decode-uri-component@0.2.0
178 silly currentTree +-- deep-extend@0.6.0
178 silly currentTree +-- define-property@2.0.2
178 silly currentTree | +-- is-accessor-descriptor@1.0.0
178 silly currentTree | +-- is-data-descriptor@1.0.0
178 silly currentTree | `-- is-descriptor@1.0.2
178 silly currentTree +-- depd@1.1.2
178 silly currentTree +-- destroy@1.0.4
178 silly currentTree +-- dot-prop@4.2.0
178 silly currentTree +-- duplexer3@0.1.4
178 silly currentTree +-- ee-first@1.1.1
178 silly currentTree +-- ejs@2.6.1
178 silly currentTree +-- encodeurl@1.0.2
178 silly currentTree +-- escape-html@1.0.3
178 silly currentTree +-- escape-string-regexp@1.0.5
178 silly currentTree +-- etag@1.8.1
178 silly currentTree +-- execa@0.7.0
178 silly currentTree +-- expand-brackets@2.1.4
178 silly currentTree | +-- define-property@0.2.5
178 silly currentTree | `-- extend-shallow@2.0.1
178 silly currentTree +-- express@4.16.4
178 silly currentTree +-- extend-shallow@3.0.2
178 silly currentTree | `-- is-extendable@1.0.1
178 silly currentTree +-- extglob@2.0.4
178 silly currentTree | +-- define-property@1.0.0
178 silly currentTree | +-- extend-shallow@2.0.1
178 silly currentTree | +-- is-accessor-descriptor@1.0.0
178 silly currentTree | +-- is-data-descriptor@1.0.0
178 silly currentTree | `-- is-descriptor@1.0.2
178 silly currentTree +-- fill-range@4.0.0
178 silly currentTree | `-- extend-shallow@2.0.1
178 silly currentTree +-- finalhandler@1.1.1
178 silly currentTree +-- for-in@1.0.2
178 silly currentTree +-- forwarded@0.1.2
178 silly currentTree +-- fragment-cache@0.2.1
178 silly currentTree +-- fresh@0.5.2
178 silly currentTree +-- get-stream@3.0.0
178 silly currentTree +-- get-value@2.0.6
178 silly currentTree +-- glob-parent@3.1.0
178 silly currentTree | `-- is-glob@3.1.0
178 silly currentTree +-- global-dirs@0.1.1
178 silly currentTree +-- got@6.7.1
178 silly currentTree +-- graceful-fs@4.1.15
178 silly currentTree +-- has-flag@3.0.0
178 silly currentTree +-- has-value@1.0.0
178 silly currentTree +-- has-values@1.0.0
178 silly currentTree | `-- kind-of@4.0.0
178 silly currentTree +-- http-errors@1.6.3
178 silly currentTree +-- iconv-lite@0.4.23
178 silly currentTree +-- ignore-by-default@1.0.1
178 silly currentTree +-- import-lazy@2.1.0
178 silly currentTree +-- imurmurhash@0.1.4
178 silly currentTree +-- inherits@2.0.3
178 silly currentTree +-- ini@1.3.5
178 silly currentTree +-- ipaddr.js@1.8.0
178 silly currentTree +-- is-accessor-descriptor@0.1.6
178 silly currentTree | `-- kind-of@3.2.2
178 silly currentTree +-- is-binary-path@1.0.1
178 silly currentTree +-- is-buffer@1.1.6
178 silly currentTree +-- is-ci@1.2.1
178 silly currentTree +-- is-data-descriptor@0.1.4
178 silly currentTree | `-- kind-of@3.2.2
178 silly currentTree +-- is-descriptor@0.1.6
178 silly currentTree | `-- kind-of@5.1.0
178 silly currentTree +-- is-extendable@0.1.1
178 silly currentTree +-- is-extglob@2.1.1
178 silly currentTree +-- is-fullwidth-code-point@2.0.0
178 silly currentTree +-- is-glob@4.0.0
178 silly currentTree +-- is-installed-globally@0.1.0
178 silly currentTree +-- is-npm@1.0.0
178 silly currentTree +-- is-number@3.0.0
178 silly currentTree | `-- kind-of@3.2.2
178 silly currentTree +-- is-obj@1.0.1
178 silly currentTree +-- is-path-inside@1.0.1
178 silly currentTree +-- is-plain-object@2.0.4
178 silly currentTree +-- is-redirect@1.0.0
178 silly currentTree +-- is-retry-allowed@1.1.0
178 silly currentTree +-- is-stream@1.1.0
178 silly currentTree +-- is-windows@1.0.2
178 silly currentTree +-- isarray@1.0.0
178 silly currentTree +-- isexe@2.0.0
178 silly currentTree +-- isobject@3.0.1
178 silly currentTree +-- kind-of@6.0.2
178 silly currentTree +-- latest-version@3.1.0
178 silly currentTree +-- lowercase-keys@1.0.1
178 silly currentTree +-- lru-cache@4.1.5
178 silly currentTree +-- make-dir@1.3.0
178 silly currentTree +-- map-cache@0.2.2
178 silly currentTree +-- map-visit@1.0.0
178 silly currentTree +-- media-typer@0.3.0
178 silly currentTree +-- merge-descriptors@1.0.1
178 silly currentTree +-- methods@1.1.2
178 silly currentTree +-- micromatch@3.1.10
178 silly currentTree +-- mime-db@1.38.0
178 silly currentTree +-- mime-types@2.1.22
178 silly currentTree +-- mime@1.4.1
178 silly currentTree +-- minimatch@3.0.4
178 silly currentTree +-- minimist@1.2.0
178 silly currentTree +-- mixin-deep@1.3.1
178 silly currentTree | `-- is-extendable@1.0.1
178 silly currentTree +-- ms@2.0.0
178 silly currentTree +-- nanomatch@1.2.13
178 silly currentTree +-- negotiator@0.6.1
178 silly currentTree +-- nodemon@1.18.10
178 silly currentTree | +-- debug@3.2.6
178 silly currentTree | `-- ms@2.1.1
178 silly currentTree +-- nopt@1.0.10
178 silly currentTree +-- normalize-path@3.0.0
178 silly currentTree +-- npm-run-path@2.0.2
178 silly currentTree +-- object-copy@0.1.0
178 silly currentTree | +-- define-property@0.2.5
178 silly currentTree | `-- kind-of@3.2.2
178 silly currentTree +-- object-visit@1.0.1
178 silly currentTree +-- object.pick@1.3.0
178 silly currentTree +-- on-finished@2.3.0
178 silly currentTree +-- p-finally@1.0.0
178 silly currentTree +-- package-json@4.0.1
178 silly currentTree +-- parseurl@1.3.2
178 silly currentTree +-- pascalcase@0.1.1
178 silly currentTree +-- path-dirname@1.0.2
178 silly currentTree +-- path-is-absolute@1.0.1
178 silly currentTree +-- path-is-inside@1.0.2
178 silly currentTree +-- path-key@2.0.1
178 silly currentTree +-- path-to-regexp@0.1.7
178 silly currentTree +-- pify@3.0.0
178 silly currentTree +-- posix-character-classes@0.1.1
178 silly currentTree +-- prepend-http@1.0.4
178 silly currentTree +-- process-nextick-args@2.0.0
178 silly currentTree +-- proxy-addr@2.0.4
178 silly currentTree +-- pseudomap@1.0.2
178 silly currentTree +-- pstree.remy@1.1.6
178 silly currentTree +-- qs@6.5.2
178 silly currentTree +-- range-parser@1.2.0
178 silly currentTree +-- raw-body@2.3.3
178 silly currentTree +-- rc@1.2.8
178 silly currentTree +-- readable-stream@2.3.6
178 silly currentTree +-- readdirp@2.2.1
178 silly currentTree +-- regex-not@1.0.2
178 silly currentTree +-- registry-auth-token@3.3.2
178 silly currentTree +-- registry-url@3.1.0
178 silly currentTree +-- remove-trailing-separator@1.1.0
178 silly currentTree +-- repeat-element@1.1.3
178 silly currentTree +-- repeat-string@1.6.1
178 silly currentTree +-- resolve-url@0.2.1
178 silly currentTree +-- ret@0.1.15
178 silly currentTree +-- safe-buffer@5.1.2
178 silly currentTree +-- safe-regex@1.1.0
178 silly currentTree +-- safer-buffer@2.1.2
178 silly currentTree +-- semver-diff@2.1.0
178 silly currentTree +-- semver@5.6.0
178 silly currentTree +-- send@0.16.2
178 silly currentTree +-- serve-static@1.13.2
178 silly currentTree +-- set-value@2.0.0
178 silly currentTree | `-- extend-shallow@2.0.1
178 silly currentTree +-- setprototypeof@1.1.0
178 silly currentTree +-- shebang-command@1.2.0
178 silly currentTree +-- shebang-regex@1.0.0
178 silly currentTree +-- signal-exit@3.0.2
178 silly currentTree +-- snapdragon-node@2.1.1
178 silly currentTree | +-- define-property@1.0.0
178 silly currentTree | +-- is-accessor-descriptor@1.0.0
178 silly currentTree | +-- is-data-descriptor@1.0.0
178 silly currentTree | `-- is-descriptor@1.0.2
178 silly currentTree +-- snapdragon-util@3.0.1
178 silly currentTree | `-- kind-of@3.2.2
178 silly currentTree +-- snapdragon@0.8.2
178 silly currentTree | +-- define-property@0.2.5
178 silly currentTree | `-- extend-shallow@2.0.1
178 silly currentTree +-- source-map-resolve@0.5.2
178 silly currentTree +-- source-map-url@0.4.0
178 silly currentTree +-- source-map@0.5.7
178 silly currentTree +-- split-string@3.1.0
178 silly currentTree +-- static-extend@0.1.2
178 silly currentTree | `-- define-property@0.2.5
178 silly currentTree +-- statuses@1.4.0
178 silly currentTree +-- string_decoder@1.1.1
178 silly currentTree +-- string-width@2.1.1
178 silly currentTree +-- strip-ansi@4.0.0
178 silly currentTree +-- strip-eof@1.0.0
178 silly currentTree +-- strip-json-comments@2.0.1
178 silly currentTree +-- supports-color@5.5.0
178 silly currentTree +-- term-size@1.2.0
178 silly currentTree +-- timed-out@4.0.1
178 silly currentTree +-- to-object-path@0.3.0
178 silly currentTree | `-- kind-of@3.2.2
178 silly currentTree +-- to-regex-range@2.1.1
178 silly currentTree +-- to-regex@3.0.2
178 silly currentTree +-- touch@3.1.0
178 silly currentTree +-- type-is@1.6.16
178 silly currentTree +-- undefsafe@2.0.2
178 silly currentTree +-- union-value@1.0.0
178 silly currentTree | +-- extend-shallow@2.0.1
178 silly currentTree | `-- set-value@0.4.3
178 silly currentTree +-- unique-string@1.0.0
178 silly currentTree +-- unpipe@1.0.0
178 silly currentTree +-- unset-value@1.0.0
178 silly currentTree | +-- has-value@0.3.1
178 silly currentTree | | `-- isobject@2.1.0
178 silly currentTree | `-- has-values@0.1.4
178 silly currentTree +-- unzip-response@2.0.1
178 silly currentTree +-- upath@1.1.2
178 silly currentTree +-- update-notifier@2.5.0
178 silly currentTree +-- urix@0.1.0
178 silly currentTree +-- url-parse-lax@1.0.0
178 silly currentTree +-- use@3.1.1
178 silly currentTree +-- util-deprecate@1.0.2
178 silly currentTree +-- utils-merge@1.0.1
178 silly currentTree +-- vary@1.1.2
178 silly currentTree +-- which@1.3.1
178 silly currentTree +-- widest-line@2.0.1
178 silly currentTree +-- write-file-atomic@2.4.2
178 silly currentTree +-- xdg-basedir@3.0.0
178 silly currentTree `-- yallist@2.1.2
179 silly idealTree game@1.0.0
179 silly idealTree +-- abbrev@1.1.1
179 silly idealTree +-- accepts@1.3.5
179 silly idealTree +-- ansi-align@2.0.0
179 silly idealTree +-- ansi-regex@3.0.0
179 silly idealTree +-- ansi-styles@3.2.1
179 silly idealTree +-- anymatch@2.0.0
179 silly idealTree | `-- normalize-path@2.1.1
179 silly idealTree +-- arr-diff@4.0.0
179 silly idealTree +-- arr-flatten@1.1.0
179 silly idealTree +-- arr-union@3.1.0
179 silly idealTree +-- array-flatten@1.1.1
179 silly idealTree +-- array-unique@0.3.2
179 silly idealTree +-- assign-symbols@1.0.0
179 silly idealTree +-- async-each@1.0.2
179 silly idealTree +-- atob@2.1.2
179 silly idealTree +-- balanced-match@1.0.0
179 silly idealTree +-- base@0.11.2
179 silly idealTree | +-- define-property@1.0.0
179 silly idealTree | +-- is-accessor-descriptor@1.0.0
179 silly idealTree | +-- is-data-descriptor@1.0.0
179 silly idealTree | `-- is-descriptor@1.0.2
179 silly idealTree +-- binary-extensions@1.13.0
179 silly idealTree +-- body-parser@1.18.3
179 silly idealTree +-- boxen@1.3.0
179 silly idealTree +-- brace-expansion@1.1.11
179 silly idealTree +-- braces@2.3.2
179 silly idealTree | `-- extend-shallow@2.0.1
179 silly idealTree +-- bytes@3.0.0
179 silly idealTree +-- cache-base@1.0.1
179 silly idealTree +-- camelcase@4.1.0
179 silly idealTree +-- capture-stack-trace@1.0.1
179 silly idealTree +-- chalk@2.4.2
179 silly idealTree +-- charenc@0.0.2
179 silly idealTree +-- chokidar@2.1.2
179 silly idealTree +-- ci-info@1.6.0
179 silly idealTree +-- class-utils@0.3.6
179 silly idealTree | `-- define-property@0.2.5
179 silly idealTree +-- cli-boxes@1.0.0
179 silly idealTree +-- collection-visit@1.0.0
179 silly idealTree +-- color-convert@1.9.3
179 silly idealTree +-- color-name@1.1.3
179 silly idealTree +-- component-emitter@1.2.1
179 silly idealTree +-- concat-map@0.0.1
179 silly idealTree +-- configstore@3.1.2
179 silly idealTree +-- content-disposition@0.5.2
179 silly idealTree +-- content-type@1.0.4
179 silly idealTree +-- cookie-signature@1.0.6
179 silly idealTree +-- cookie@0.3.1
179 silly idealTree +-- copy-descriptor@0.1.1
179 silly idealTree +-- core-util-is@1.0.2
179 silly idealTree +-- create-error-class@3.0.2
179 silly idealTree +-- cross-spawn@5.1.0
179 silly idealTree +-- crypt@0.0.2
179 silly idealTree +-- crypto-random-string@1.0.0
179 silly idealTree +-- debug@2.6.9
179 silly idealTree +-- decode-uri-component@0.2.0
179 silly idealTree +-- deep-extend@0.6.0
179 silly idealTree +-- define-property@2.0.2
179 silly idealTree | +-- is-accessor-descriptor@1.0.0
179 silly idealTree | +-- is-data-descriptor@1.0.0
179 silly idealTree | `-- is-descriptor@1.0.2
179 silly idealTree +-- depd@1.1.2
179 silly idealTree +-- destroy@1.0.4
179 silly idealTree +-- dot-prop@4.2.0
179 silly idealTree +-- duplexer3@0.1.4
179 silly idealTree +-- ee-first@1.1.1
179 silly idealTree +-- ejs@2.6.1
179 silly idealTree +-- encodeurl@1.0.2
179 silly idealTree +-- escape-html@1.0.3
179 silly idealTree +-- escape-string-regexp@1.0.5
179 silly idealTree +-- etag@1.8.1
179 silly idealTree +-- execa@0.7.0
179 silly idealTree +-- expand-brackets@2.1.4
179 silly idealTree | +-- define-property@0.2.5
179 silly idealTree | `-- extend-shallow@2.0.1
179 silly idealTree +-- express@4.16.4
179 silly idealTree +-- extend-shallow@3.0.2
179 silly idealTree | `-- is-extendable@1.0.1
179 silly idealTree +-- extglob@2.0.4
179 silly idealTree | +-- define-property@1.0.0
179 silly idealTree | +-- extend-shallow@2.0.1
179 silly idealTree | +-- is-accessor-descriptor@1.0.0
179 silly idealTree | +-- is-data-descriptor@1.0.0
179 silly idealTree | `-- is-descriptor@1.0.2
179 silly idealTree +-- fill-range@4.0.0
179 silly idealTree | `-- extend-shallow@2.0.1
179 silly idealTree +-- finalhandler@1.1.1
179 silly idealTree +-- for-in@1.0.2
179 silly idealTree +-- forwarded@0.1.2
179 silly idealTree +-- fragment-cache@0.2.1
179 silly idealTree +-- fresh@0.5.2
179 silly idealTree +-- get-stream@3.0.0
179 silly idealTree +-- get-value@2.0.6
179 silly idealTree +-- glob-parent@3.1.0
179 silly idealTree | `-- is-glob@3.1.0
179 silly idealTree +-- global-dirs@0.1.1
179 silly idealTree +-- got@6.7.1
179 silly idealTree +-- graceful-fs@4.1.15
179 silly idealTree +-- has-flag@3.0.0
179 silly idealTree +-- has-value@1.0.0
179 silly idealTree +-- has-values@1.0.0
179 silly idealTree | `-- kind-of@4.0.0
179 silly idealTree +-- http-errors@1.6.3
179 silly idealTree +-- iconv-lite@0.4.23
179 silly idealTree +-- ignore-by-default@1.0.1
179 silly idealTree +-- import-lazy@2.1.0
179 silly idealTree +-- imurmurhash@0.1.4
179 silly idealTree +-- inherits@2.0.3
179 silly idealTree +-- ini@1.3.5
179 silly idealTree +-- ipaddr.js@1.8.0
179 silly idealTree +-- is-accessor-descriptor@0.1.6
179 silly idealTree | `-- kind-of@3.2.2
179 silly idealTree +-- is-binary-path@1.0.1
179 silly idealTree +-- is-buffer@1.1.6
179 silly idealTree +-- is-ci@1.2.1
179 silly idealTree +-- is-data-descriptor@0.1.4
179 silly idealTree | `-- kind-of@3.2.2
179 silly idealTree +-- is-descriptor@0.1.6
179 silly idealTree | `-- kind-of@5.1.0
179 silly idealTree +-- is-extendable@0.1.1
179 silly idealTree +-- is-extglob@2.1.1
179 silly idealTree +-- is-fullwidth-code-point@2.0.0
179 silly idealTree +-- is-glob@4.0.0
179 silly idealTree +-- is-installed-globally@0.1.0
179 silly idealTree +-- is-npm@1.0.0
179 silly idealTree +-- is-number@3.0.0
179 silly idealTree | `-- kind-of@3.2.2
179 silly idealTree +-- is-obj@1.0.1
179 silly idealTree +-- is-path-inside@1.0.1
179 silly idealTree +-- is-plain-object@2.0.4
179 silly idealTree +-- is-redirect@1.0.0
179 silly idealTree +-- is-retry-allowed@1.1.0
179 silly idealTree +-- is-stream@1.1.0
179 silly idealTree +-- is-windows@1.0.2
179 silly idealTree +-- isarray@1.0.0
179 silly idealTree +-- isexe@2.0.0
179 silly idealTree +-- isobject@3.0.1
179 silly idealTree +-- kind-of@6.0.2
179 silly idealTree +-- latest-version@3.1.0
179 silly idealTree +-- lowercase-keys@1.0.1
179 silly idealTree +-- lru-cache@4.1.5
179 silly idealTree +-- make-dir@1.3.0
179 silly idealTree +-- map-cache@0.2.2
179 silly idealTree +-- map-visit@1.0.0
179 silly idealTree +-- media-typer@0.3.0
179 silly idealTree +-- merge-descriptors@1.0.1
179 silly idealTree +-- methods@1.1.2
179 silly idealTree +-- micromatch@3.1.10
179 silly idealTree +-- mime-db@1.38.0
179 silly idealTree +-- mime-types@2.1.22
179 silly idealTree +-- mime@1.4.1
179 silly idealTree +-- minimatch@3.0.4
179 silly idealTree +-- minimist@1.2.0
179 silly idealTree +-- mixin-deep@1.3.1
179 silly idealTree | `-- is-extendable@1.0.1
179 silly idealTree +-- ms@2.0.0
179 silly idealTree +-- nanomatch@1.2.13
179 silly idealTree +-- negotiator@0.6.1
179 silly idealTree +-- nodemon@1.18.10
179 silly idealTree | +-- debug@3.2.6
179 silly idealTree | `-- ms@2.1.1
179 silly idealTree +-- nopt@1.0.10
179 silly idealTree +-- normalize-path@3.0.0
179 silly idealTree +-- npm-run-path@2.0.2
179 silly idealTree +-- object-copy@0.1.0
179 silly idealTree | +-- define-property@0.2.5
179 silly idealTree | `-- kind-of@3.2.2
179 silly idealTree +-- object-visit@1.0.1
179 silly idealTree +-- object.pick@1.3.0
179 silly idealTree +-- on-finished@2.3.0
179 silly idealTree +-- p-finally@1.0.0
179 silly idealTree +-- package-json@4.0.1
179 silly idealTree +-- parseurl@1.3.2
179 silly idealTree +-- pascalcase@0.1.1
179 silly idealTree +-- path-dirname@1.0.2
179 silly idealTree +-- path-is-absolute@1.0.1
179 silly idealTree +-- path-is-inside@1.0.2
179 silly idealTree +-- path-key@2.0.1
179 silly idealTree +-- path-to-regexp@0.1.7
179 silly idealTree +-- pify@3.0.0
179 silly idealTree +-- posix-character-classes@0.1.1
179 silly idealTree +-- prepend-http@1.0.4
179 silly idealTree +-- process-nextick-args@2.0.0
179 silly idealTree +-- proxy-addr@2.0.4
179 silly idealTree +-- pseudomap@1.0.2
179 silly idealTree +-- pstree.remy@1.1.6
179 silly idealTree +-- qs@6.5.2
179 silly idealTree +-- range-parser@1.2.0
179 silly idealTree +-- raw-body@2.3.3
179 silly idealTree +-- rc@1.2.8
179 silly idealTree +-- readable-stream@2.3.6
179 silly idealTree +-- readdirp@2.2.1
179 silly idealTree +-- regex-not@1.0.2
179 silly idealTree +-- registry-auth-token@3.3.2
179 silly idealTree +-- registry-url@3.1.0
179 silly idealTree +-- remove-trailing-separator@1.1.0
179 silly idealTree +-- repeat-element@1.1.3
179 silly idealTree +-- repeat-string@1.6.1
179 silly idealTree +-- resolve-url@0.2.1
179 silly idealTree +-- ret@0.1.15
179 silly idealTree +-- safe-buffer@5.1.2
179 silly idealTree +-- safe-regex@1.1.0
179 silly idealTree +-- safer-buffer@2.1.2
179 silly idealTree +-- semver-diff@2.1.0
179 silly idealTree +-- semver@5.6.0
179 silly idealTree +-- send@0.16.2
179 silly idealTree +-- serve-static@1.13.2
179 silly idealTree +-- set-value@2.0.0
179 silly idealTree | `-- extend-shallow@2.0.1
179 silly idealTree +-- setprototypeof@1.1.0
179 silly idealTree +-- sha1@1.1.1
179 silly idealTree +-- shebang-command@1.2.0
179 silly idealTree +-- shebang-regex@1.0.0
179 silly idealTree +-- signal-exit@3.0.2
179 silly idealTree +-- snapdragon-node@2.1.1
179 silly idealTree | +-- define-property@1.0.0
179 silly idealTree | +-- is-accessor-descriptor@1.0.0
179 silly idealTree | +-- is-data-descriptor@1.0.0
179 silly idealTree | `-- is-descriptor@1.0.2
179 silly idealTree +-- snapdragon-util@3.0.1
179 silly idealTree | `-- kind-of@3.2.2
179 silly idealTree +-- snapdragon@0.8.2
179 silly idealTree | +-- define-property@0.2.5
179 silly idealTree | `-- extend-shallow@2.0.1
179 silly idealTree +-- source-map-resolve@0.5.2
179 silly idealTree +-- source-map-url@0.4.0
179 silly idealTree +-- source-map@0.5.7
179 silly idealTree +-- split-string@3.1.0
179 silly idealTree +-- static-extend@0.1.2
179 silly idealTree | `-- define-property@0.2.5
179 silly idealTree +-- statuses@1.4.0
179 silly idealTree +-- string_decoder@1.1.1
179 silly idealTree +-- string-width@2.1.1
179 silly idealTree +-- strip-ansi@4.0.0
179 silly idealTree +-- strip-eof@1.0.0
179 silly idealTree +-- strip-json-comments@2.0.1
179 silly idealTree +-- supports-color@5.5.0
179 silly idealTree +-- term-size@1.2.0
179 silly idealTree +-- timed-out@4.0.1
179 silly idealTree +-- to-object-path@0.3.0
179 silly idealTree | `-- kind-of@3.2.2
179 silly idealTree +-- to-regex-range@2.1.1
179 silly idealTree +-- to-regex@3.0.2
179 silly idealTree +-- touch@3.1.0
179 silly idealTree +-- type-is@1.6.16
179 silly idealTree +-- undefsafe@2.0.2
179 silly idealTree +-- union-value@1.0.0
179 silly idealTree | +-- extend-shallow@2.0.1
179 silly idealTree | `-- set-value@0.4.3
179 silly idealTree +-- unique-string@1.0.0
179 silly idealTree +-- unpipe@1.0.0
179 silly idealTree +-- unset-value@1.0.0
179 silly idealTree | +-- has-value@0.3.1
179 silly idealTree | | `-- isobject@2.1.0
179 silly idealTree | `-- has-values@0.1.4
179 silly idealTree +-- unzip-response@2.0.1
179 silly idealTree +-- upath@1.1.2
179 silly idealTree +-- update-notifier@2.5.0
179 silly idealTree +-- urix@0.1.0
179 silly idealTree +-- url-parse-lax@1.0.0
179 silly idealTree +-- use@3.1.1
179 silly idealTree +-- util-deprecate@1.0.2
179 silly idealTree +-- utils-merge@1.0.1
179 silly idealTree +-- vary@1.1.2
179 silly idealTree +-- which@1.3.1
179 silly idealTree +-- widest-line@2.0.1
179 silly idealTree +-- write-file-atomic@2.4.2
179 silly idealTree +-- xdg-basedir@3.0.0
179 silly idealTree `-- yallist@2.1.2
180 silly generateActionsToTake Starting
181 silly install generateActionsToTake
182 silly generateActionsToTake Finishing
183 silly diffTrees action count 7
184 silly diffTrees update body-parser@1.18.3
185 silly diffTrees add charenc@0.0.2
186 silly diffTrees add crypt@0.0.2
187 silly diffTrees update ejs@2.6.1
188 silly diffTrees update express@4.16.4
189 silly diffTrees update nodemon@1.18.10
190 silly diffTrees add sha1@1.1.1
191 silly decomposeActions action count 56
192 silly decomposeActions fetch body-parser@1.18.3
193 silly decomposeActions extract body-parser@1.18.3
194 silly decomposeActions test body-parser@1.18.3
195 silly decomposeActions preinstall body-parser@1.18.3
196 silly decomposeActions build body-parser@1.18.3
197 silly decomposeActions install body-parser@1.18.3
198 silly decomposeActions postinstall body-parser@1.18.3
199 silly decomposeActions finalize body-parser@1.18.3
200 silly decomposeActions fetch charenc@0.0.2
201 silly decomposeActions extract charenc@0.0.2
202 silly decomposeActions test charenc@0.0.2
203 silly decomposeActions preinstall charenc@0.0.2
204 silly decomposeActions build charenc@0.0.2
205 silly decomposeActions install charenc@0.0.2
206 silly decomposeActions postinstall charenc@0.0.2
207 silly decomposeActions finalize charenc@0.0.2
208 silly decomposeActions fetch crypt@0.0.2
209 silly decomposeActions extract crypt@0.0.2
210 silly decomposeActions test crypt@0.0.2
211 silly decomposeActions preinstall crypt@0.0.2
212 silly decomposeActions build crypt@0.0.2
213 silly decomposeActions install crypt@0.0.2
214 silly decomposeActions postinstall crypt@0.0.2
215 silly decomposeActions finalize crypt@0.0.2
216 silly decomposeActions fetch ejs@2.6.1
217 silly decomposeActions extract ejs@2.6.1
218 silly decomposeActions test ejs@2.6.1
219 silly decomposeActions preinstall ejs@2.6.1
220 silly decomposeActions build ejs@2.6.1
221 silly decomposeActions install ejs@2.6.1
222 silly decomposeActions postinstall ejs@2.6.1
223 silly decomposeActions finalize ejs@2.6.1
224 silly decomposeActions fetch express@4.16.4
225 silly decomposeActions extract express@4.16.4
226 silly decomposeActions test express@4.16.4
227 silly decomposeActions preinstall express@4.16.4
228 silly decomposeActions build express@4.16.4
229 silly decomposeActions install express@4.16.4
230 silly decomposeActions postinstall express@4.16.4
231 silly decomposeActions finalize express@4.16.4
232 silly decomposeActions fetch nodemon@1.18.10
233 silly decomposeActions extract nodemon@1.18.10
234 silly decomposeActions test nodemon@1.18.10
235 silly decomposeActions preinstall nodemon@1.18.10
236 silly decomposeActions build nodemon@1.18.10
237 silly decomposeActions install nodemon@1.18.10
238 silly decomposeActions postinstall nodemon@1.18.10
239 silly decomposeActions finalize nodemon@1.18.10
240 silly decomposeActions fetch sha1@1.1.1
241 silly decomposeActions extract sha1@1.1.1
242 silly decomposeActions test sha1@1.1.1
243 silly decomposeActions preinstall sha1@1.1.1
244 silly decomposeActions build sha1@1.1.1
245 silly decomposeActions install sha1@1.1.1
246 silly decomposeActions postinstall sha1@1.1.1
247 silly decomposeActions finalize sha1@1.1.1
248 silly executeActions Starting
249 silly install executeActions
250 silly doSerial global-install 0
251 silly doParallel fetch 7
252 verbose lock using /home/tss10/.npm/_locks/staging-51164bfdcd780e7d.lock for /home/tss10/tss4/taha/project/node_modules/.staging
253 silly doParallel extract 7
254 silly extract body-parser@1.18.3
255 silly extract charenc@0.0.2
256 silly extract crypt@0.0.2
257 silly extract ejs@2.6.1
258 silly extract express@4.16.4
259 silly extract nodemon@1.18.10
260 silly extract sha1@1.1.1
261 verbose unbuild node_modules/.staging/charenc-af343fd5
262 verbose unbuild node_modules/.staging/crypt-736a6db9
263 verbose unbuild node_modules/.staging/sha1-5bbf2d48
264 silly gentlyRm /home/tss10/tss4/taha/project/node_modules/.staging/charenc-af343fd5 is being purged from base /home/tss10/tss4/taha/project
265 verbose gentlyRm don't care about contents; nuking /home/tss10/tss4/taha/project/node_modules/.staging/charenc-af343fd5
266 silly gentlyRm /home/tss10/tss4/taha/project/node_modules/.staging/crypt-736a6db9 is being purged from base /home/tss10/tss4/taha/project
267 verbose gentlyRm don't care about contents; nuking /home/tss10/tss4/taha/project/node_modules/.staging/crypt-736a6db9
268 silly gentlyRm /home/tss10/tss4/taha/project/node_modules/.staging/sha1-5bbf2d48 is being purged from base /home/tss10/tss4/taha/project
269 verbose gentlyRm don't care about contents; nuking /home/tss10/tss4/taha/project/node_modules/.staging/sha1-5bbf2d48
270 verbose tar unpack /home/tss10/.npm/charenc/0.0.2/package.tgz
271 verbose tar unpacking to /home/tss10/tss4/taha/project/node_modules/.staging/charenc-af343fd5
272 silly gentlyRm /home/tss10/tss4/taha/project/node_modules/.staging/charenc-af343fd5 is being purged
273 verbose gentlyRm don't care about contents; nuking /home/tss10/tss4/taha/project/node_modules/.staging/charenc-af343fd5
274 verbose tar unpack /home/tss10/.npm/crypt/0.0.2/package.tgz
275 verbose tar unpacking to /home/tss10/tss4/taha/project/node_modules/.staging/crypt-736a6db9
276 silly gentlyRm /home/tss10/tss4/taha/project/node_modules/.staging/crypt-736a6db9 is being purged
277 verbose gentlyRm don't care about contents; nuking /home/tss10/tss4/taha/project/node_modules/.staging/crypt-736a6db9
278 verbose tar unpack /home/tss10/.npm/sha1/1.1.1/package.tgz
279 verbose tar unpacking to /home/tss10/tss4/taha/project/node_modules/.staging/sha1-5bbf2d48
280 silly gentlyRm /home/tss10/tss4/taha/project/node_modules/.staging/sha1-5bbf2d48 is being purged
281 verbose gentlyRm don't care about contents; nuking /home/tss10/tss4/taha/project/node_modules/.staging/sha1-5bbf2d48
282 silly gunzTarPerm modes [ '775', '664' ]
283 silly gunzTarPerm modes [ '775', '664' ]
284 silly gunzTarPerm modes [ '775', '664' ]
285 verbose unbuild node_modules/.staging/ejs-073c0be2
286 silly gentlyRm /home/tss10/tss4/taha/project/node_modules/.staging/ejs-073c0be2 is being purged from base /home/tss10/tss4/taha/project
287 verbose gentlyRm don't care about contents; nuking /home/tss10/tss4/taha/project/node_modules/.staging/ejs-073c0be2
288 verbose unbuild node_modules/.staging/express-8fc99527
289 verbose tar unpack /home/tss10/.npm/ejs/2.6.1/package.tgz
290 verbose tar unpacking to /home/tss10/tss4/taha/project/node_modules/.staging/ejs-073c0be2
291 silly gentlyRm /home/tss10/tss4/taha/project/node_modules/.staging/ejs-073c0be2 is being purged
292 verbose gentlyRm don't care about contents; nuking /home/tss10/tss4/taha/project/node_modules/.staging/ejs-073c0be2
293 silly gunzTarPerm extractEntry package.json
294 silly gunzTarPerm modified mode [ 'package.json', 438, 436 ]
295 silly gunzTarPerm extractEntry package.json
296 silly gunzTarPerm modified mode [ 'package.json', 438, 436 ]
297 silly gunzTarPerm modes [ '775', '664' ]
298 silly gunzTarPerm extractEntry package.json
299 silly gunzTarPerm modified mode [ 'package.json', 438, 436 ]
300 silly gentlyRm /home/tss10/tss4/taha/project/node_modules/.staging/express-8fc99527 is being purged from base /home/tss10/tss4/taha/project
301 verbose gentlyRm don't care about contents; nuking /home/tss10/tss4/taha/project/node_modules/.staging/express-8fc99527
302 verbose tar unpack /home/tss10/.npm/express/4.16.4/package.tgz
303 verbose tar unpacking to /home/tss10/tss4/taha/project/node_modules/.staging/express-8fc99527
304 silly gentlyRm /home/tss10/tss4/taha/project/node_modules/.staging/express-8fc99527 is being purged
305 verbose gentlyRm don't care about contents; nuking /home/tss10/tss4/taha/project/node_modules/.staging/express-8fc99527
306 verbose unbuild node_modules/.staging/body-parser-7bd95d31
307 silly gunzTarPerm modes [ '775', '664' ]
308 silly gunzTarPerm extractEntry README.js
309 silly gunzTarPerm modified mode [ 'README.js', 438, 436 ]
310 silly gunzTarPerm extractEntry charenc.js
311 silly gunzTarPerm modified mode [ 'charenc.js', 438, 436 ]
312 silly gunzTarPerm extractEntry crypt.js
313 silly gunzTarPerm modified mode [ 'crypt.js', 438, 436 ]
314 silly gunzTarPerm extractEntry LICENSE.mkd
315 silly gunzTarPerm modified mode [ 'LICENSE.mkd', 438, 436 ]
316 silly gunzTarPerm extractEntry .npmignore
317 silly gunzTarPerm modified mode [ '.npmignore', 438, 436 ]
318 silly gunzTarPerm extractEntry README.md
319 silly gunzTarPerm modified mode [ 'README.md', 438, 436 ]
320 silly gentlyRm /home/tss10/tss4/taha/project/node_modules/.staging/body-parser-7bd95d31 is being purged from base /home/tss10/tss4/taha/project
321 verbose gentlyRm don't care about contents; nuking /home/tss10/tss4/taha/project/node_modules/.staging/body-parser-7bd95d31
322 verbose tar unpack /home/tss10/.npm/body-parser/1.18.3/package.tgz
323 verbose tar unpacking to /home/tss10/tss4/taha/project/node_modules/.staging/body-parser-7bd95d31
324 silly gentlyRm /home/tss10/tss4/taha/project/node_modules/.staging/body-parser-7bd95d31 is being purged
325 verbose gentlyRm don't care about contents; nuking /home/tss10/tss4/taha/project/node_modules/.staging/body-parser-7bd95d31
326 silly gunzTarPerm modes [ '775', '664' ]
327 silly gunzTarPerm extractEntry
328 silly gunzTarPerm modified mode [ '', 493, 509 ]
329 silly gunzTarPerm extractEntry LICENSE.mkd
330 silly gunzTarPerm modified mode [ 'LICENSE.mkd', 438, 436 ]
331 silly gunzTarPerm extractEntry README.mkd
332 silly gunzTarPerm modified mode [ 'README.mkd', 438, 436 ]
333 silly gunzTarPerm extractEntry LICENSE
334 silly gunzTarPerm modified mode [ 'LICENSE', 438, 436 ]
335 silly gunzTarPerm extractEntry sha1.js
336 silly gunzTarPerm modified mode [ 'sha1.js', 438, 436 ]
337 silly gunzTarPerm extractEntry ejs.js
338 silly gunzTarPerm modified mode [ 'ejs.js', 420, 436 ]
339 silly gunzTarPerm extractEntry ejs.min.js
340 silly gunzTarPerm modified mode [ 'ejs.min.js', 420, 436 ]
341 silly gunzTarPerm extractEntry package.json
342 silly gunzTarPerm modified mode [ 'package.json', 420, 436 ]
343 silly gunzTarPerm extractEntry History.md
344 silly gunzTarPerm modified mode [ 'History.md', 420, 436 ]
345 silly gunzTarPerm extractEntry Jakefile
346 silly gunzTarPerm modified mode [ 'Jakefile', 420, 436 ]
347 silly gunzTarPerm extractEntry lib/
348 silly gunzTarPerm modified mode [ 'lib/', 493, 509 ]
349 silly gunzTarPerm extractEntry LICENSE
350 silly gunzTarPerm modified mode [ 'LICENSE', 420, 436 ]
351 silly gunzTarPerm extractEntry index.js
352 silly gunzTarPerm modified mode [ 'index.js', 420, 436 ]
353 silly gunzTarPerm extractEntry test.js
354 silly gunzTarPerm modified mode [ 'test.js', 438, 436 ]
355 silly gunzTarPerm extractEntry .travis.yml
356 silly gunzTarPerm modified mode [ '.travis.yml', 438, 436 ]
357 silly gunzTarPerm extractEntry package.json
358 silly gunzTarPerm modified mode [ 'package.json', 420, 436 ]
359 silly gunzTarPerm extractEntry package.json
360 silly gunzTarPerm modified mode [ 'package.json', 420, 436 ]
361 silly gunzTarPerm extractEntry README.md
362 silly gunzTarPerm modified mode [ 'README.md', 420, 436 ]
363 silly gunzTarPerm extractEntry README.md
364 silly gunzTarPerm modified mode [ 'README.md', 420, 436 ]
365 verbose unbuild node_modules/.staging/nodemon-3136c138
366 silly gunzTarPerm extractEntry LICENSE
367 silly gunzTarPerm modified mode [ 'LICENSE', 420, 436 ]
368 silly gunzTarPerm extractEntry index.js
369 silly gunzTarPerm modified mode [ 'index.js', 420, 436 ]
370 silly gunzTarPerm extractEntry HISTORY.md
371 silly gunzTarPerm modified mode [ 'HISTORY.md', 420, 436 ]
372 silly gunzTarPerm extractEntry lib/read.js
373 silly gunzTarPerm modified mode [ 'lib/read.js', 420, 436 ]
374 silly gunzTarPerm extractEntry lib/types/json.js
375 silly gunzTarPerm modified mode [ 'lib/types/json.js', 420, 436 ]
376 silly gunzTarPerm extractEntry lib/types/raw.js
377 silly gunzTarPerm modified mode [ 'lib/types/raw.js', 420, 436 ]
378 silly gunzTarPerm extractEntry lib/types/text.js
379 silly gunzTarPerm modified mode [ 'lib/types/text.js', 420, 436 ]
380 silly gunzTarPerm extractEntry lib/types/urlencoded.js
381 silly gunzTarPerm modified mode [ 'lib/types/urlencoded.js', 420, 436 ]
382 silly gunzTarPerm extractEntry LICENSE
383 silly gunzTarPerm modified mode [ 'LICENSE', 420, 436 ]
384 silly gunzTarPerm extractEntry Readme.md
385 silly gunzTarPerm modified mode [ 'Readme.md', 420, 436 ]
386 silly gunzTarPerm extractEntry lib/application.js
387 silly gunzTarPerm modified mode [ 'lib/application.js', 420, 436 ]
388 silly gentlyRm /home/tss10/tss4/taha/project/node_modules/.staging/nodemon-3136c138 is being purged from base /home/tss10/tss4/taha/project
389 verbose gentlyRm don't care about contents; nuking /home/tss10/tss4/taha/project/node_modules/.staging/nodemon-3136c138
390 verbose tar unpack /home/tss10/.npm/nodemon/1.18.10/package.tgz
391 verbose tar unpacking to /home/tss10/tss4/taha/project/node_modules/.staging/nodemon-3136c138
392 silly gentlyRm /home/tss10/tss4/taha/project/node_modules/.staging/nodemon-3136c138 is being purged
393 verbose gentlyRm don't care about contents; nuking /home/tss10/tss4/taha/project/node_modules/.staging/nodemon-3136c138
394 silly gunzTarPerm extractEntry lib/express.js
395 silly gunzTarPerm modified mode [ 'lib/express.js', 420, 436 ]
396 silly gunzTarPerm modes [ '775', '664' ]
397 silly gunzTarPerm extractEntry lib/middleware/init.js
398 silly gunzTarPerm modified mode [ 'lib/middleware/init.js', 420, 436 ]
399 silly gunzTarPerm extractEntry lib/ejs.js
400 silly gunzTarPerm modified mode [ 'lib/ejs.js', 493, 509 ]
401 silly gunzTarPerm extractEntry lib/utils.js
402 silly gunzTarPerm modified mode [ 'lib/utils.js', 420, 436 ]
403 silly gunzTarPerm extractEntry lib/middleware/query.js
404 silly gunzTarPerm modified mode [ 'lib/middleware/query.js', 420, 436 ]
405 silly gunzTarPerm extractEntry lib/request.js
406 silly gunzTarPerm modified mode [ 'lib/request.js', 420, 436 ]
407 silly gunzTarPerm extractEntry package.json
408 silly gunzTarPerm extractEntry lib/response.js
409 silly gunzTarPerm modified mode [ 'lib/response.js', 420, 436 ]
410 silly gunzTarPerm extractEntry .jscsrc
411 silly gunzTarPerm extractEntry .jshintrc
412 silly gentlyRm /home/tss10/tss4/taha/project/node_modules/.staging/charenc-af343fd5/node_modules is being purged
413 verbose gentlyRm don't care about contents; nuking /home/tss10/tss4/taha/project/node_modules/.staging/charenc-af343fd5/node_modules
414 silly gentlyRm /home/tss10/tss4/taha/project/node_modules/.staging/crypt-736a6db9/node_modules is being purged
415 verbose gentlyRm don't care about contents; nuking /home/tss10/tss4/taha/project/node_modules/.staging/crypt-736a6db9/node_modules
416 silly gunzTarPerm extractEntry lib/router/index.js
417 silly gunzTarPerm modified mode [ 'lib/router/index.js', 420, 436 ]
418 silly gunzTarPerm extractEntry lib/router/layer.js
419 silly gunzTarPerm modified mode [ 'lib/router/layer.js', 420, 436 ]
420 silly gunzTarPerm extractEntry .travis.yml
421 silly gunzTarPerm extractEntry commitlint.config.js
422 silly gunzTarPerm extractEntry lib/router/route.js
423 silly gunzTarPerm modified mode [ 'lib/router/route.js', 420, 436 ]
424 silly gunzTarPerm extractEntry lib/utils.js
425 silly gunzTarPerm modified mode [ 'lib/utils.js', 420, 436 ]
426 silly gunzTarPerm extractEntry README.md
427 silly gunzTarPerm extractEntry bin/nodemon.js
428 silly gunzTarPerm extractEntry bin/postinstall.js
429 silly gunzTarPerm extractEntry doc/cli/authors.txt
430 silly gunzTarPerm extractEntry doc/cli/config.txt
431 silly gunzTarPerm extractEntry doc/cli/help.txt
432 silly gunzTarPerm extractEntry doc/cli/logo.txt
433 silly gunzTarPerm extractEntry doc/cli/options.txt
434 silly gunzTarPerm extractEntry doc/cli/topics.txt
435 silly gunzTarPerm extractEntry doc/cli/usage.txt
436 silly gunzTarPerm extractEntry doc/cli/whoami.txt
437 silly gunzTarPerm extractEntry lib/cli/index.js
438 silly gunzTarPerm extractEntry lib/cli/parse.js
439 silly gunzTarPerm extractEntry lib/config/command.js
440 silly gunzTarPerm extractEntry lib/config/defaults.js
441 silly gunzTarPerm extractEntry lib/config/exec.js
442 silly gunzTarPerm extractEntry lib/config/index.js
443 silly gunzTarPerm extractEntry lib/config/load.js
444 silly gunzTarPerm extractEntry lib/help/index.js
445 silly gunzTarPerm extractEntry lib/index.js
446 silly gunzTarPerm extractEntry lib/monitor/index.js
447 silly gunzTarPerm extractEntry lib/monitor/match.js
448 silly gunzTarPerm extractEntry lib/monitor/run.js
449 silly gunzTarPerm extractEntry lib/monitor/signals.js
450 silly gunzTarPerm extractEntry lib/monitor/watch.js
451 silly gunzTarPerm extractEntry lib/nodemon.js
452 silly gunzTarPerm extractEntry lib/rules/add.js
453 silly gunzTarPerm extractEntry lib/rules/index.js
454 silly gunzTarPerm extractEntry lib/rules/parse.js
455 silly gunzTarPerm extractEntry lib/spawn.js
456 silly gunzTarPerm extractEntry lib/utils/bus.js
457 silly gunzTarPerm extractEntry lib/utils/clone.js
458 silly gunzTarPerm extractEntry lib/utils/colour.js
459 silly gunzTarPerm extractEntry lib/utils/index.js
460 silly gunzTarPerm extractEntry lib/utils/log.js
461 silly gunzTarPerm extractEntry lib/utils/merge.js
462 silly gunzTarPerm extractEntry lib/version.js
463 silly gunzTarPerm extractEntry lib/view.js
464 silly gunzTarPerm modified mode [ 'lib/view.js', 420, 436 ]
465 silly gentlyRm /home/tss10/tss4/taha/project/node_modules/.staging/sha1-5bbf2d48/node_modules is being purged
466 verbose gentlyRm don't care about contents; nuking /home/tss10/tss4/taha/project/node_modules/.staging/sha1-5bbf2d48/node_modules
467 silly gentlyRm /home/tss10/tss4/taha/project/node_modules/.staging/ejs-073c0be2/node_modules is being purged
468 verbose gentlyRm don't care about contents; nuking /home/tss10/tss4/taha/project/node_modules/.staging/ejs-073c0be2/node_modules
469 silly gentlyRm /home/tss10/tss4/taha/project/node_modules/.staging/body-parser-7bd95d31/node_modules is being purged
470 verbose gentlyRm don't care about contents; nuking /home/tss10/tss4/taha/project/node_modules/.staging/body-parser-7bd95d31/node_modules
471 silly gentlyRm /home/tss10/tss4/taha/project/node_modules/.staging/express-8fc99527/node_modules is being purged
472 verbose gentlyRm don't care about contents; nuking /home/tss10/tss4/taha/project/node_modules/.staging/express-8fc99527/node_modules
473 silly gentlyRm /home/tss10/tss4/taha/project/node_modules/.staging/nodemon-3136c138/node_modules is being purged
474 verbose gentlyRm don't care about contents; nuking /home/tss10/tss4/taha/project/node_modules/.staging/nodemon-3136c138/node_modules
475 silly doParallel preinstall 7
476 silly preinstall body-parser@1.18.3 /home/tss10/tss4/taha/project/node_modules/.staging/body-parser-7bd95d31
477 info lifecycle body-parser@1.18.3~preinstall: body-parser@1.18.3
478 silly preinstall charenc@0.0.2 /home/tss10/tss4/taha/project/node_modules/.staging/charenc-af343fd5
479 info lifecycle charenc@0.0.2~preinstall: charenc@0.0.2
480 silly preinstall crypt@0.0.2 /home/tss10/tss4/taha/project/node_modules/.staging/crypt-736a6db9
481 info lifecycle crypt@0.0.2~preinstall: crypt@0.0.2
482 silly preinstall ejs@2.6.1 /home/tss10/tss4/taha/project/node_modules/.staging/ejs-073c0be2
483 info lifecycle ejs@2.6.1~preinstall: ejs@2.6.1
484 silly preinstall express@4.16.4 /home/tss10/tss4/taha/project/node_modules/.staging/express-8fc99527
485 info lifecycle express@4.16.4~preinstall: express@4.16.4
486 silly preinstall nodemon@1.18.10 /home/tss10/tss4/taha/project/node_modules/.staging/nodemon-3136c138
487 info lifecycle nodemon@1.18.10~preinstall: nodemon@1.18.10
488 silly preinstall sha1@1.1.1 /home/tss10/tss4/taha/project/node_modules/.staging/sha1-5bbf2d48
489 info lifecycle sha1@1.1.1~preinstall: sha1@1.1.1
490 silly lifecycle body-parser@1.18.3~preinstall: no script for preinstall, continuing
491 silly lifecycle charenc@0.0.2~preinstall: no script for preinstall, continuing
492 silly lifecycle crypt@0.0.2~preinstall: no script for preinstall, continuing
493 silly lifecycle ejs@2.6.1~preinstall: no script for preinstall, continuing
494 silly lifecycle express@4.16.4~preinstall: no script for preinstall, continuing
495 silly lifecycle nodemon@1.18.10~preinstall: no script for preinstall, continuing
496 silly lifecycle sha1@1.1.1~preinstall: no script for preinstall, continuing
497 silly doReverseSerial remove 0
498 silly doSerial move 0
499 silly doSerial finalize 7
500 silly finalize /home/tss10/tss4/taha/project/node_modules/body-parser
501 silly finalize /home/tss10/tss4/taha/project/node_modules/charenc
502 silly finalize /home/tss10/tss4/taha/project/node_modules/crypt
503 silly finalize /home/tss10/tss4/taha/project/node_modules/ejs
504 silly finalize /home/tss10/tss4/taha/project/node_modules/express
505 silly finalize /home/tss10/tss4/taha/project/node_modules/nodemon
506 verbose unlock done using /home/tss10/.npm/_locks/staging-51164bfdcd780e7d.lock for /home/tss10/tss4/taha/project/node_modules/.staging
507 silly rollbackFailedOptional Starting
508 silly rollbackFailedOptional Finishing
509 silly runTopLevelLifecycles Starting
510 silly runTopLevelLifecycles Finishing
511 silly install printInstalled
512 warn optional Skipping failed optional dependency /chokidar/fsevents:
513 warn notsup Not compatible with your operating system or architecture: fsevents@1.2.7
514 warn game@1.0.0 No repository field.
515 verbose stack Error: EACCES: permission denied, rename '/home/tss10/tss4/taha/project/node_modules/.nodemon.DELETE/node_modules/debug' -> '/home/tss10/tss4/taha/project/node_modules/nodemon/node_modules/debug'
515 verbose stack     at /usr/share/npm/lib/install/action/finalize.js:64:7
515 verbose stack     at /usr/share/npm/node_modules/slide/lib/async-map.js:52:35
515 verbose stack     at Array.forEach (native)
515 verbose stack     at /usr/share/npm/node_modules/slide/lib/async-map.js:52:11
515 verbose stack     at Array.forEach (native)
515 verbose stack     at asyncMap (/usr/share/npm/node_modules/slide/lib/async-map.js:51:8)
515 verbose stack     at moveModules (/usr/share/npm/lib/install/action/finalize.js:61:5)
515 verbose stack     at /usr/share/npm/lib/install/action/finalize.js:56:70
515 verbose stack     at /usr/share/npm/node_modules/mkdirp/index.js:30:20
515 verbose stack     at FSReqWrap.oncomplete (fs.js:82:15)
515 verbose stack
515 verbose stack Error: EACCES: permission denied, rename '/home/tss10/tss4/taha/project/node_modules/.nodemon.DELETE/node_modules/debug' -> '/home/tss10/tss4/taha/project/node_modules/nodemon/node_modules/debug'
515 verbose stack     at Error (native)
516 verbose cwd /home/tss10/tss4/taha/project
517 error Linux 4.15.0-46-generic
518 error argv "/usr/bin/nodejs" "/usr/bin/npm" "install" "sha1"
519 error node v4.2.6
520 error npm  v3.5.2
521 error path /home/tss10/tss4/taha/project/node_modules/.nodemon.DELETE/node_modules/debug
522 error code EACCES
523 error errno -13
524 error syscall rename
525 error Error: EACCES: permission denied, rename '/home/tss10/tss4/taha/project/node_modules/.nodemon.DELETE/node_modules/debug' -> '/home/tss10/tss4/taha/project/node_modules/nodemon/node_modules/debug'
525 error     at /usr/share/npm/lib/install/action/finalize.js:64:7
525 error     at /usr/share/npm/node_modules/slide/lib/async-map.js:52:35
525 error     at Array.forEach (native)
525 error     at /usr/share/npm/node_modules/slide/lib/async-map.js:52:11
525 error     at Array.forEach (native)
525 error     at asyncMap (/usr/share/npm/node_modules/slide/lib/async-map.js:51:8)
525 error     at moveModules (/usr/share/npm/lib/install/action/finalize.js:61:5)
525 error     at /usr/share/npm/lib/install/action/finalize.js:56:70
525 error     at /usr/share/npm/node_modules/mkdirp/index.js:30:20
525 error     at FSReqWrap.oncomplete (fs.js:82:15)
525 error
525 error Error: EACCES: permission denied, rename '/home/tss10/tss4/taha/project/node_modules/.nodemon.DELETE/node_modules/debug' -> '/home/tss10/tss4/taha/project/node_modules/nodemon/node_modules/debug'
525 error     at Error (native)
525 error  { [Error: EACCES: permission denied, rename '/home/tss10/tss4/taha/project/node_modules/.nodemon.DELETE/node_modules/debug' -> '/home/tss10/tss4/taha/project/node_modules/nodemon/node_modules/debug'] parent: 'game' }
526 error Please try running this command again as root/Administrator.
527 verbose exit [ -13, true ]
